<?xml version="1.0" encoding="UTF-8"?>
<!-- Generated by org.testng.reporters.JUnitXMLReporter -->
<testsuite ignored="2" hostname="DESKTOP-175D9K0" failures="0" tests="2" name="Test" time="26.084" errors="0" timestamp="2024-05-24T15:31:24 IST">
  <testcase classname="testCases.TC_001_Registartion" name="CreateAccount" time="13.429"/>
  <testcase classname="testCases.TC_002_OpenNewAccount" name="NewAccount" time="11.38"/>
  <testcase classname="testBase.BaseClass" name="@AfterSuite close" time="0.0">
    <ignored/>
  </testcase> <!-- @AfterSuite close -->
  <testcase classname="testBase.BaseClass" name="@BeforeSuite setup" time="0.0">
    <ignored/>
  </testcase> <!-- @BeforeSuite setup -->
</testsuite> <!-- Test -->
