<?xml version="1.0" encoding="UTF-8"?>
<testng-results ignored="0" total="2" passed="2" failed="0" skipped="0">
  <reporter-output>
  </reporter-output>
  <suite started-at="2024-05-24T15:30:57 IST" name="Suite" finished-at="2024-05-24T15:31:23 IST" duration-ms="26084">
    <groups>
    </groups>
    <test started-at="2024-05-24T15:30:57 IST" name="Test" finished-at="2024-05-24T15:31:23 IST" duration-ms="26084">
      <class name="testCases.TC_001_Registartion">
        <test-method is-config="true" signature="setup()[pri:0, instance:testCases.TC_001_Registartion@350aac89]" started-at="2024-05-24T15:30:41 IST" name="setup" finished-at="2024-05-24T15:30:57 IST" duration-ms="15926" status="PASS">
          <reporter-output>
          </reporter-output>
        </test-method> <!-- setup -->
        <test-method signature="CreateAccount()[pri:0, instance:testCases.TC_001_Registartion@350aac89]" started-at="2024-05-24T15:30:58 IST" name="CreateAccount" finished-at="2024-05-24T15:31:11 IST" duration-ms="13429" status="PASS">
          <reporter-output>
          </reporter-output>
        </test-method> <!-- CreateAccount -->
        <test-method is-config="true" signature="close()[pri:0, instance:testCases.TC_001_Registartion@350aac89]" started-at="2024-05-24T15:31:24 IST" name="close" finished-at="2024-05-24T15:31:24 IST" duration-ms="383" status="PASS">
          <reporter-output>
          </reporter-output>
        </test-method> <!-- close -->
      </class> <!-- testCases.TC_001_Registartion -->
      <class name="testCases.TC_002_OpenNewAccount">
        <test-method signature="NewAccount()[pri:0, instance:testCases.TC_002_OpenNewAccount@4b29d1d2]" started-at="2024-05-24T15:31:11 IST" name="NewAccount" finished-at="2024-05-24T15:31:23 IST" duration-ms="11380" status="PASS">
          <reporter-output>
          </reporter-output>
        </test-method> <!-- NewAccount -->
      </class> <!-- testCases.TC_002_OpenNewAccount -->
    </test> <!-- Test -->
  </suite> <!-- Suite -->
</testng-results>
